<?xml version="1.0" encoding="UTF-8"?>
<!-- Generated by org.testng.reporters.JUnitXMLReporter -->
<testsuite hostname="B2FWFD2" ignored="0" name="TestScript.TestSuite.Flipkart.FlipkartSearchInvaliditem_AUT24_1_chrome" tests="1" failures="0" timestamp="04 Dec 2017 05:18:22 GMT" time="261.295" errors="0">
  <testcase name="Step1" time="256.725" classname="TestScript.Flipkart.FlipkartSearchInvaliditem_AUT24"/>
</testsuite> <!-- TestScript.TestSuite.Flipkart.FlipkartSearchInvaliditem_AUT24_1_chrome -->
