<?xml version="1.0" encoding="UTF-8"?>
<!-- Generated by org.testng.reporters.JUnitXMLReporter -->
<testsuite hostname="5YC1T02" ignored="0" name="TestScript.TestSuite.Flipkart.FlipkartSearchInvaliditem_AUT24_1_firefox" tests="1" failures="0" timestamp="02 Nov 2017 08:27:12 GMT" time="105.973" errors="0">
  <testcase name="Step1" time="58.654" classname="TestScript.Flipkart.FlipkartSearchInvaliditem_AUT24"/>
</testsuite> <!-- TestScript.TestSuite.Flipkart.FlipkartSearchInvaliditem_AUT24_1_firefox -->
