<?xml version="1.0" encoding="UTF-8"?>
<testng-results skipped="0" failed="0" ignored="0" total="2" passed="2">
  <reporter-output>
  </reporter-output>
  <suite name="TestSuiteFlipkart" duration-ms="376297" started-at="2017-12-04T05:12:05Z" finished-at="2017-12-04T05:18:22Z">
    <groups>
    </groups>
    <test name="TestScript.TestSuite.Flipkart.FlipkartSearchValiditem_AUT23_1_chrome" duration-ms="114858" started-at="2017-12-04T05:12:05Z" finished-at="2017-12-04T05:14:00Z">
      <class name="TestScript.Flipkart.FlipkartSearchValiditem_AUT23">
        <test-method status="PASS" signature="setdriver(java.lang.String, org.testng.ITestContext)[pri:0, instance:TestScript.Flipkart.FlipkartSearchValiditem_AUT23@742ff096]" name="setdriver" is-config="true" duration-ms="9338" started-at="2017-12-04T10:42:05Z" finished-at="2017-12-04T10:42:15Z">
          <params>
            <param index="0">
              <value>
                <![CDATA[chrome]]>
              </value>
            </param>
            <param index="1">
              <value>
                <![CDATA[org.testng.TestRunner@956e8ac]]>
              </value>
            </param>
          </params>
          <reporter-output>
          </reporter-output>
        </test-method> <!-- setdriver -->
        <test-method status="PASS" signature="Step1(org.testng.ITestContext)[pri:0, instance:TestScript.Flipkart.FlipkartSearchValiditem_AUT23@742ff096]" name="Step1" duration-ms="103005" started-at="2017-12-04T10:42:15Z" finished-at="2017-12-04T10:43:58Z">
          <params>
            <param index="0">
              <value>
                <![CDATA[org.testng.TestRunner@956e8ac]]>
              </value>
            </param>
          </params>
          <reporter-output>
          </reporter-output>
        </test-method> <!-- Step1 -->
        <test-method status="PASS" signature="Quit(org.testng.ITestContext)[pri:0, instance:TestScript.Flipkart.FlipkartSearchValiditem_AUT23@742ff096]" name="Quit" is-config="true" duration-ms="2488" started-at="2017-12-04T10:43:58Z" finished-at="2017-12-04T10:44:00Z">
          <params>
            <param index="0">
              <value>
                <![CDATA[org.testng.TestRunner@956e8ac]]>
              </value>
            </param>
          </params>
          <reporter-output>
          </reporter-output>
        </test-method> <!-- Quit -->
      </class> <!-- TestScript.Flipkart.FlipkartSearchValiditem_AUT23 -->
    </test> <!-- TestScript.TestSuite.Flipkart.FlipkartSearchValiditem_AUT23_1_chrome -->
    <test name="TestScript.TestSuite.Flipkart.FlipkartSearchInvaliditem_AUT24_1_chrome" duration-ms="261295" started-at="2017-12-04T05:14:00Z" finished-at="2017-12-04T05:18:22Z">
      <class name="TestScript.Flipkart.FlipkartSearchInvaliditem_AUT24">
        <test-method status="PASS" signature="setdriver(java.lang.String, org.testng.ITestContext)[pri:0, instance:TestScript.Flipkart.FlipkartSearchInvaliditem_AUT24@48075da3]" name="setdriver" is-config="true" duration-ms="2498" started-at="2017-12-04T10:44:00Z" finished-at="2017-12-04T10:44:03Z">
          <params>
            <param index="0">
              <value>
                <![CDATA[chrome]]>
              </value>
            </param>
            <param index="1">
              <value>
                <![CDATA[org.testng.TestRunner@49a1418b]]>
              </value>
            </param>
          </params>
          <reporter-output>
          </reporter-output>
        </test-method> <!-- setdriver -->
        <test-method status="PASS" signature="Step1(org.testng.ITestContext)[pri:0, instance:TestScript.Flipkart.FlipkartSearchInvaliditem_AUT24@48075da3]" name="Step1" duration-ms="256725" started-at="2017-12-04T10:44:03Z" finished-at="2017-12-04T10:48:19Z">
          <params>
            <param index="0">
              <value>
                <![CDATA[org.testng.TestRunner@49a1418b]]>
              </value>
            </param>
          </params>
          <reporter-output>
          </reporter-output>
        </test-method> <!-- Step1 -->
        <test-method status="PASS" signature="Quit(org.testng.ITestContext)[pri:0, instance:TestScript.Flipkart.FlipkartSearchInvaliditem_AUT24@48075da3]" name="Quit" is-config="true" duration-ms="2071" started-at="2017-12-04T10:48:19Z" finished-at="2017-12-04T10:48:22Z">
          <params>
            <param index="0">
              <value>
                <![CDATA[org.testng.TestRunner@49a1418b]]>
              </value>
            </param>
          </params>
          <reporter-output>
          </reporter-output>
        </test-method> <!-- Quit -->
      </class> <!-- TestScript.Flipkart.FlipkartSearchInvaliditem_AUT24 -->
    </test> <!-- TestScript.TestSuite.Flipkart.FlipkartSearchInvaliditem_AUT24_1_chrome -->
  </suite> <!-- TestSuiteFlipkart -->
</testng-results>
